{"/home/nogal/spring-board/exercises/unit37/express-lunchly/app.js": {"path":"/home/nogal/spring-board/exercises/unit37/express-lunchly/app.js","statementMap":{"0":{"start":{"line":3,"column":16},"end":{"line":3,"column":34}},"1":{"start":{"line":4,"column":17},"end":{"line":4,"column":36}},"2":{"start":{"line":5,"column":19},"end":{"line":5,"column":41}},"3":{"start":{"line":6,"column":15},"end":{"line":6,"column":34}},"4":{"start":{"line":8,"column":12},"end":{"line":8,"column":21}},"5":{"start":{"line":11,"column":0},"end":{"line":11,"column":52}},"6":{"start":{"line":13,"column":0},"end":{"line":16,"column":3}},"7":{"start":{"line":18,"column":0},"end":{"line":18,"column":16}},"8":{"start":{"line":21,"column":0},"end":{"line":27,"column":3}},"9":{"start":{"line":22,"column":14},"end":{"line":22,"column":36}},"10":{"start":{"line":23,"column":2},"end":{"line":23,"column":19}},"11":{"start":{"line":26,"column":2},"end":{"line":26,"column":19}},"12":{"start":{"line":30,"column":0},"end":{"line":34,"column":3}},"13":{"start":{"line":31,"column":2},"end":{"line":31,"column":32}},"14":{"start":{"line":33,"column":2},"end":{"line":33,"column":43}},"15":{"start":{"line":36,"column":0},"end":{"line":36,"column":21}}},"fnMap":{"0":{"name":"(anonymous_0)","decl":{"start":{"line":21,"column":8},"end":{"line":21,"column":9}},"loc":{"start":{"line":21,"column":33},"end":{"line":27,"column":1}},"line":21},"1":{"name":"(anonymous_1)","decl":{"start":{"line":30,"column":8},"end":{"line":30,"column":9}},"loc":{"start":{"line":30,"column":33},"end":{"line":34,"column":1}},"line":30}},"branchMap":{"0":{"loc":{"start":{"line":31,"column":13},"end":{"line":31,"column":30}},"type":"binary-expr","locations":[{"start":{"line":31,"column":13},"end":{"line":31,"column":23}},{"start":{"line":31,"column":27},"end":{"line":31,"column":30}}],"line":31}},"s":{"0":1,"1":1,"2":1,"3":1,"4":1,"5":1,"6":1,"7":1,"8":1,"9":0,"10":0,"11":0,"12":1,"13":0,"14":0,"15":1},"f":{"0":0,"1":0},"b":{"0":[0,0]},"_coverageSchema":"1a1c01bbd47fc00a2c39e90264f33305004495a9","hash":"d3f2cd00626299bc5a2cf1847e9dcaaa3b7e84f7"}
,"/home/nogal/spring-board/exercises/unit37/express-lunchly/db.js": {"path":"/home/nogal/spring-board/exercises/unit37/express-lunchly/db.js","statementMap":{"0":{"start":{"line":3,"column":19},"end":{"line":3,"column":32}},"1":{"start":{"line":5,"column":11},"end":{"line":7,"column":2}},"2":{"start":{"line":9,"column":0},"end":{"line":9,"column":13}},"3":{"start":{"line":11,"column":0},"end":{"line":11,"column":20}}},"fnMap":{},"branchMap":{},"s":{"0":2,"1":2,"2":2,"3":2},"f":{},"b":{},"_coverageSchema":"1a1c01bbd47fc00a2c39e90264f33305004495a9","hash":"3651b7541d117dd88505064e569f851a5b61b8b2"}
,"/home/nogal/spring-board/exercises/unit37/express-lunchly/routes.js": {"path":"/home/nogal/spring-board/exercises/unit37/express-lunchly/routes.js","statementMap":{"0":{"start":{"line":1,"column":16},"end":{"line":1,"column":34}},"1":{"start":{"line":2,"column":17},"end":{"line":2,"column":45}},"2":{"start":{"line":3,"column":20},"end":{"line":3,"column":51}},"3":{"start":{"line":5,"column":15},"end":{"line":5,"column":35}},"4":{"start":{"line":8,"column":0},"end":{"line":15,"column":3}},"5":{"start":{"line":9,"column":2},"end":{"line":14,"column":3}},"6":{"start":{"line":10,"column":22},"end":{"line":10,"column":42}},"7":{"start":{"line":11,"column":4},"end":{"line":11,"column":59}},"8":{"start":{"line":13,"column":4},"end":{"line":13,"column":21}},"9":{"start":{"line":18,"column":0},"end":{"line":26,"column":3}},"10":{"start":{"line":19,"column":2},"end":{"line":25,"column":3}},"11":{"start":{"line":20,"column":20},"end":{"line":20,"column":29}},"12":{"start":{"line":21,"column":24},"end":{"line":21,"column":54}},"13":{"start":{"line":22,"column":6},"end":{"line":22,"column":61}},"14":{"start":{"line":24,"column":6},"end":{"line":24,"column":23}},"15":{"start":{"line":29,"column":0},"end":{"line":37,"column":3}},"16":{"start":{"line":30,"column":2},"end":{"line":36,"column":3}},"17":{"start":{"line":31,"column":22},"end":{"line":31,"column":54}},"18":{"start":{"line":32,"column":4},"end":{"line":32,"column":59}},"19":{"start":{"line":34,"column":4},"end":{"line":34,"column":58}},"20":{"start":{"line":35,"column":4},"end":{"line":35,"column":21}},"21":{"start":{"line":40,"column":0},"end":{"line":46,"column":3}},"22":{"start":{"line":41,"column":2},"end":{"line":45,"column":3}},"23":{"start":{"line":42,"column":4},"end":{"line":42,"column":48}},"24":{"start":{"line":44,"column":4},"end":{"line":44,"column":21}},"25":{"start":{"line":49,"column":0},"end":{"line":60,"column":3}},"26":{"start":{"line":50,"column":2},"end":{"line":59,"column":3}},"27":{"start":{"line":51,"column":50},"end":{"line":51,"column":58}},"28":{"start":{"line":53,"column":21},"end":{"line":53,"column":72}},"29":{"start":{"line":54,"column":4},"end":{"line":54,"column":26}},"30":{"start":{"line":56,"column":4},"end":{"line":56,"column":44}},"31":{"start":{"line":58,"column":4},"end":{"line":58,"column":21}},"32":{"start":{"line":63,"column":0},"end":{"line":72,"column":3}},"33":{"start":{"line":64,"column":2},"end":{"line":71,"column":3}},"34":{"start":{"line":65,"column":21},"end":{"line":65,"column":54}},"35":{"start":{"line":66,"column":25},"end":{"line":66,"column":57}},"36":{"start":{"line":68,"column":4},"end":{"line":68,"column":74}},"37":{"start":{"line":70,"column":4},"end":{"line":70,"column":21}},"38":{"start":{"line":75,"column":0},"end":{"line":82,"column":3}},"39":{"start":{"line":76,"column":2},"end":{"line":81,"column":3}},"40":{"start":{"line":77,"column":21},"end":{"line":77,"column":54}},"41":{"start":{"line":78,"column":4},"end":{"line":78,"column":56}},"42":{"start":{"line":80,"column":4},"end":{"line":80,"column":21}},"43":{"start":{"line":85,"column":0},"end":{"line":98,"column":3}},"44":{"start":{"line":86,"column":2},"end":{"line":97,"column":3}},"45":{"start":{"line":87,"column":21},"end":{"line":87,"column":54}},"46":{"start":{"line":88,"column":4},"end":{"line":88,"column":44}},"47":{"start":{"line":89,"column":4},"end":{"line":89,"column":42}},"48":{"start":{"line":90,"column":4},"end":{"line":90,"column":36}},"49":{"start":{"line":91,"column":4},"end":{"line":91,"column":36}},"50":{"start":{"line":92,"column":4},"end":{"line":92,"column":26}},"51":{"start":{"line":94,"column":4},"end":{"line":94,"column":44}},"52":{"start":{"line":96,"column":4},"end":{"line":96,"column":21}},"53":{"start":{"line":101,"column":0},"end":{"line":120,"column":3}},"54":{"start":{"line":102,"column":2},"end":{"line":119,"column":3}},"55":{"start":{"line":103,"column":23},"end":{"line":103,"column":36}},"56":{"start":{"line":104,"column":20},"end":{"line":104,"column":46}},"57":{"start":{"line":105,"column":22},"end":{"line":105,"column":40}},"58":{"start":{"line":106,"column":18},"end":{"line":106,"column":32}},"59":{"start":{"line":108,"column":24},"end":{"line":113,"column":6}},"60":{"start":{"line":114,"column":4},"end":{"line":114,"column":29}},"61":{"start":{"line":116,"column":4},"end":{"line":116,"column":43}},"62":{"start":{"line":118,"column":4},"end":{"line":118,"column":21}},"63":{"start":{"line":122,"column":0},"end":{"line":135,"column":3}},"64":{"start":{"line":123,"column":2},"end":{"line":134,"column":3}},"65":{"start":{"line":124,"column":21},"end":{"line":124,"column":54}},"66":{"start":{"line":125,"column":24},"end":{"line":125,"column":71}},"67":{"start":{"line":128,"column":29},"end":{"line":128,"column":75}},"68":{"start":{"line":130,"column":4},"end":{"line":130,"column":97}},"69":{"start":{"line":132,"column":4},"end":{"line":132,"column":79}},"70":{"start":{"line":133,"column":4},"end":{"line":133,"column":21}},"71":{"start":{"line":139,"column":0},"end":{"line":158,"column":3}},"72":{"start":{"line":140,"column":2},"end":{"line":157,"column":3}},"73":{"start":{"line":141,"column":24},"end":{"line":141,"column":71}},"74":{"start":{"line":142,"column":4},"end":{"line":142,"column":47}},"75":{"start":{"line":143,"column":4},"end":{"line":143,"column":39}},"76":{"start":{"line":145,"column":20},"end":{"line":145,"column":46}},"77":{"start":{"line":146,"column":4},"end":{"line":148,"column":5}},"78":{"start":{"line":147,"column":6},"end":{"line":147,"column":77}},"79":{"start":{"line":149,"column":4},"end":{"line":149,"column":34}},"80":{"start":{"line":151,"column":4},"end":{"line":151,"column":29}},"81":{"start":{"line":153,"column":4},"end":{"line":153,"column":46}},"82":{"start":{"line":155,"column":4},"end":{"line":155,"column":79}},"83":{"start":{"line":156,"column":4},"end":{"line":156,"column":21}},"84":{"start":{"line":165,"column":0},"end":{"line":165,"column":24}}},"fnMap":{"0":{"name":"(anonymous_0)","decl":{"start":{"line":8,"column":16},"end":{"line":8,"column":17}},"loc":{"start":{"line":8,"column":47},"end":{"line":15,"column":1}},"line":8},"1":{"name":"(anonymous_1)","decl":{"start":{"line":18,"column":32},"end":{"line":18,"column":33}},"loc":{"start":{"line":18,"column":58},"end":{"line":26,"column":1}},"line":18},"2":{"name":"(anonymous_2)","decl":{"start":{"line":29,"column":30},"end":{"line":29,"column":31}},"loc":{"start":{"line":29,"column":56},"end":{"line":37,"column":1}},"line":29},"3":{"name":"(anonymous_3)","decl":{"start":{"line":40,"column":20},"end":{"line":40,"column":21}},"loc":{"start":{"line":40,"column":51},"end":{"line":46,"column":1}},"line":40},"4":{"name":"(anonymous_4)","decl":{"start":{"line":49,"column":21},"end":{"line":49,"column":22}},"loc":{"start":{"line":49,"column":52},"end":{"line":60,"column":1}},"line":49},"5":{"name":"(anonymous_5)","decl":{"start":{"line":63,"column":20},"end":{"line":63,"column":21}},"loc":{"start":{"line":63,"column":51},"end":{"line":72,"column":1}},"line":63},"6":{"name":"(anonymous_6)","decl":{"start":{"line":75,"column":25},"end":{"line":75,"column":26}},"loc":{"start":{"line":75,"column":56},"end":{"line":82,"column":1}},"line":75},"7":{"name":"(anonymous_7)","decl":{"start":{"line":85,"column":26},"end":{"line":85,"column":27}},"loc":{"start":{"line":85,"column":57},"end":{"line":98,"column":1}},"line":85},"8":{"name":"(anonymous_8)","decl":{"start":{"line":101,"column":37},"end":{"line":101,"column":38}},"loc":{"start":{"line":101,"column":68},"end":{"line":120,"column":1}},"line":101},"9":{"name":"(anonymous_9)","decl":{"start":{"line":122,"column":51},"end":{"line":122,"column":52}},"loc":{"start":{"line":122,"column":83},"end":{"line":135,"column":1}},"line":122},"10":{"name":"(anonymous_10)","decl":{"start":{"line":139,"column":52},"end":{"line":139,"column":53}},"loc":{"start":{"line":139,"column":78},"end":{"line":158,"column":1}},"line":139}},"branchMap":{"0":{"loc":{"start":{"line":146,"column":4},"end":{"line":148,"column":5}},"type":"if","locations":[{"start":{"line":146,"column":4},"end":{"line":148,"column":5}},{"start":{},"end":{}}],"line":146}},"s":{"0":1,"1":1,"2":1,"3":1,"4":1,"5":1,"6":1,"7":1,"8":0,"9":1,"10":1,"11":1,"12":1,"13":1,"14":0,"15":1,"16":0,"17":0,"18":0,"19":0,"20":0,"21":1,"22":0,"23":0,"24":0,"25":1,"26":0,"27":0,"28":0,"29":0,"30":0,"31":0,"32":1,"33":0,"34":0,"35":0,"36":0,"37":0,"38":1,"39":0,"40":0,"41":0,"42":0,"43":1,"44":0,"45":0,"46":0,"47":0,"48":0,"49":0,"50":0,"51":0,"52":0,"53":1,"54":0,"55":0,"56":0,"57":0,"58":0,"59":0,"60":0,"61":0,"62":0,"63":1,"64":0,"65":0,"66":0,"67":0,"68":0,"69":0,"70":0,"71":1,"72":0,"73":0,"74":0,"75":0,"76":0,"77":0,"78":0,"79":0,"80":0,"81":0,"82":0,"83":0,"84":1},"f":{"0":1,"1":1,"2":0,"3":0,"4":0,"5":0,"6":0,"7":0,"8":0,"9":0,"10":0},"b":{"0":[0,0]},"_coverageSchema":"1a1c01bbd47fc00a2c39e90264f33305004495a9","hash":"fe14221883b19846d7b1199cab61a15d10166dd2"}
,"/home/nogal/spring-board/exercises/unit37/express-lunchly/models/customer.js": {"path":"/home/nogal/spring-board/exercises/unit37/express-lunchly/models/customer.js","statementMap":{"0":{"start":{"line":1,"column":11},"end":{"line":1,"column":27}},"1":{"start":{"line":2,"column":20},"end":{"line":2,"column":44}},"2":{"start":{"line":6,"column":4},"end":{"line":6,"column":17}},"3":{"start":{"line":7,"column":4},"end":{"line":7,"column":31}},"4":{"start":{"line":8,"column":4},"end":{"line":8,"column":29}},"5":{"start":{"line":9,"column":4},"end":{"line":9,"column":23}},"6":{"start":{"line":10,"column":4},"end":{"line":10,"column":23}},"7":{"start":{"line":15,"column":4},"end":{"line":15,"column":48}},"8":{"start":{"line":21,"column":20},"end":{"line":29,"column":5}},"9":{"start":{"line":30,"column":4},"end":{"line":30,"column":50}},"10":{"start":{"line":30,"column":33},"end":{"line":30,"column":48}},"11":{"start":{"line":35,"column":20},"end":{"line":43,"column":5}},"12":{"start":{"line":45,"column":21},"end":{"line":45,"column":36}},"13":{"start":{"line":47,"column":4},"end":{"line":51,"column":5}},"14":{"start":{"line":48,"column":18},"end":{"line":48,"column":54}},"15":{"start":{"line":49,"column":6},"end":{"line":49,"column":23}},"16":{"start":{"line":50,"column":6},"end":{"line":50,"column":16}},"17":{"start":{"line":53,"column":4},"end":{"line":53,"column":34}},"18":{"start":{"line":58,"column":4},"end":{"line":58,"column":65}},"19":{"start":{"line":63,"column":4},"end":{"line":77,"column":5}},"20":{"start":{"line":64,"column":21},"end":{"line":69,"column":7}},"21":{"start":{"line":70,"column":6},"end":{"line":70,"column":34}},"22":{"start":{"line":72,"column":6},"end":{"line":76,"column":8}},"23":{"start":{"line":82,"column":20},"end":{"line":92,"column":5}},"24":{"start":{"line":94,"column":4},"end":{"line":94,"column":50}},"25":{"start":{"line":94,"column":33},"end":{"line":94,"column":48}},"26":{"start":{"line":99,"column":22},"end":{"line":104,"column":7}},"27":{"start":{"line":105,"column":6},"end":{"line":105,"column":56}},"28":{"start":{"line":105,"column":37},"end":{"line":105,"column":54}},"29":{"start":{"line":109,"column":0},"end":{"line":109,"column":26}}},"fnMap":{"0":{"name":"(anonymous_0)","decl":{"start":{"line":5,"column":2},"end":{"line":5,"column":3}},"loc":{"start":{"line":5,"column":57},"end":{"line":11,"column":3}},"line":5},"1":{"name":"(anonymous_1)","decl":{"start":{"line":14,"column":2},"end":{"line":14,"column":3}},"loc":{"start":{"line":14,"column":17},"end":{"line":16,"column":3}},"line":14},"2":{"name":"(anonymous_2)","decl":{"start":{"line":20,"column":2},"end":{"line":20,"column":3}},"loc":{"start":{"line":20,"column":21},"end":{"line":31,"column":3}},"line":20},"3":{"name":"(anonymous_3)","decl":{"start":{"line":30,"column":28},"end":{"line":30,"column":29}},"loc":{"start":{"line":30,"column":33},"end":{"line":30,"column":48}},"line":30},"4":{"name":"(anonymous_4)","decl":{"start":{"line":34,"column":2},"end":{"line":34,"column":3}},"loc":{"start":{"line":34,"column":23},"end":{"line":54,"column":3}},"line":34},"5":{"name":"(anonymous_5)","decl":{"start":{"line":57,"column":2},"end":{"line":57,"column":3}},"loc":{"start":{"line":57,"column":26},"end":{"line":59,"column":3}},"line":57},"6":{"name":"(anonymous_6)","decl":{"start":{"line":62,"column":2},"end":{"line":62,"column":3}},"loc":{"start":{"line":62,"column":15},"end":{"line":78,"column":3}},"line":62},"7":{"name":"(anonymous_7)","decl":{"start":{"line":81,"column":2},"end":{"line":81,"column":3}},"loc":{"start":{"line":81,"column":33},"end":{"line":95,"column":3}},"line":81},"8":{"name":"(anonymous_8)","decl":{"start":{"line":94,"column":28},"end":{"line":94,"column":29}},"loc":{"start":{"line":94,"column":33},"end":{"line":94,"column":48}},"line":94},"9":{"name":"(anonymous_9)","decl":{"start":{"line":98,"column":4},"end":{"line":98,"column":5}},"loc":{"start":{"line":98,"column":37},"end":{"line":106,"column":3}},"line":98},"10":{"name":"(anonymous_10)","decl":{"start":{"line":105,"column":30},"end":{"line":105,"column":31}},"loc":{"start":{"line":105,"column":37},"end":{"line":105,"column":54}},"line":105}},"branchMap":{"0":{"loc":{"start":{"line":47,"column":4},"end":{"line":51,"column":5}},"type":"if","locations":[{"start":{"line":47,"column":4},"end":{"line":51,"column":5}},{"start":{},"end":{}}],"line":47},"1":{"loc":{"start":{"line":63,"column":4},"end":{"line":77,"column":5}},"type":"if","locations":[{"start":{"line":63,"column":4},"end":{"line":77,"column":5}},{"start":{"line":71,"column":11},"end":{"line":77,"column":5}}],"line":63}},"s":{"0":2,"1":2,"2":210,"3":210,"4":210,"5":210,"6":210,"7":212,"8":2,"9":2,"10":206,"11":0,"12":0,"13":0,"14":0,"15":0,"16":0,"17":0,"18":0,"19":1,"20":1,"21":1,"22":0,"23":0,"24":0,"25":0,"26":1,"27":1,"28":3,"29":2},"f":{"0":210,"1":212,"2":2,"3":206,"4":0,"5":0,"6":1,"7":0,"8":0,"9":1,"10":3},"b":{"0":[0,0],"1":[1,0]},"_coverageSchema":"1a1c01bbd47fc00a2c39e90264f33305004495a9","hash":"71c5a7da9c60a19f087212997101833cee6bd925"}
,"/home/nogal/spring-board/exercises/unit37/express-lunchly/models/reservation.js": {"path":"/home/nogal/spring-board/exercises/unit37/express-lunchly/models/reservation.js","statementMap":{"0":{"start":{"line":3,"column":15},"end":{"line":3,"column":32}},"1":{"start":{"line":4,"column":11},"end":{"line":4,"column":27}},"2":{"start":{"line":10,"column":4},"end":{"line":10,"column":17}},"3":{"start":{"line":11,"column":4},"end":{"line":11,"column":33}},"4":{"start":{"line":12,"column":4},"end":{"line":12,"column":31}},"5":{"start":{"line":13,"column":4},"end":{"line":13,"column":27}},"6":{"start":{"line":14,"column":4},"end":{"line":14,"column":23}},"7":{"start":{"line":20,"column":4},"end":{"line":20,"column":63}},"8":{"start":{"line":25,"column":19},"end":{"line":34,"column":5}},"9":{"start":{"line":36,"column":24},"end":{"line":36,"column":38}},"10":{"start":{"line":38,"column":4},"end":{"line":40,"column":5}},"11":{"start":{"line":39,"column":6},"end":{"line":39,"column":61}},"12":{"start":{"line":42,"column":4},"end":{"line":42,"column":40}},"13":{"start":{"line":47,"column":20},"end":{"line":56,"column":5}},"14":{"start":{"line":58,"column":4},"end":{"line":58,"column":57}},"15":{"start":{"line":58,"column":35},"end":{"line":58,"column":55}},"16":{"start":{"line":63,"column":4},"end":{"line":84,"column":5}},"17":{"start":{"line":64,"column":31},"end":{"line":64,"column":57}},"18":{"start":{"line":66,"column":6},"end":{"line":81,"column":7}},"19":{"start":{"line":67,"column":23},"end":{"line":72,"column":9}},"20":{"start":{"line":73,"column":8},"end":{"line":73,"column":36}},"21":{"start":{"line":75,"column":8},"end":{"line":80,"column":10}},"22":{"start":{"line":83,"column":6},"end":{"line":83,"column":77}},"23":{"start":{"line":88,"column":0},"end":{"line":88,"column":29}}},"fnMap":{"0":{"name":"(anonymous_0)","decl":{"start":{"line":9,"column":2},"end":{"line":9,"column":3}},"loc":{"start":{"line":9,"column":61},"end":{"line":15,"column":3}},"line":9},"1":{"name":"(anonymous_1)","decl":{"start":{"line":19,"column":2},"end":{"line":19,"column":3}},"loc":{"start":{"line":19,"column":24},"end":{"line":21,"column":3}},"line":19},"2":{"name":"(anonymous_2)","decl":{"start":{"line":24,"column":2},"end":{"line":24,"column":3}},"loc":{"start":{"line":24,"column":23},"end":{"line":43,"column":3}},"line":24},"3":{"name":"(anonymous_3)","decl":{"start":{"line":46,"column":2},"end":{"line":46,"column":3}},"loc":{"start":{"line":46,"column":54},"end":{"line":59,"column":3}},"line":46},"4":{"name":"(anonymous_4)","decl":{"start":{"line":58,"column":28},"end":{"line":58,"column":29}},"loc":{"start":{"line":58,"column":35},"end":{"line":58,"column":55}},"line":58},"5":{"name":"(anonymous_5)","decl":{"start":{"line":62,"column":2},"end":{"line":62,"column":3}},"loc":{"start":{"line":62,"column":15},"end":{"line":85,"column":3}},"line":62}},"branchMap":{"0":{"loc":{"start":{"line":38,"column":4},"end":{"line":40,"column":5}},"type":"if","locations":[{"start":{"line":38,"column":4},"end":{"line":40,"column":5}},{"start":{},"end":{}}],"line":38},"1":{"loc":{"start":{"line":63,"column":4},"end":{"line":84,"column":5}},"type":"if","locations":[{"start":{"line":63,"column":4},"end":{"line":84,"column":5}},{"start":{"line":82,"column":11},"end":{"line":84,"column":5}}],"line":63},"2":{"loc":{"start":{"line":63,"column":8},"end":{"line":63,"column":60}},"type":"binary-expr","locations":[{"start":{"line":63,"column":8},"end":{"line":63,"column":36}},{"start":{"line":63,"column":40},"end":{"line":63,"column":60}}],"line":63},"3":{"loc":{"start":{"line":66,"column":6},"end":{"line":81,"column":7}},"type":"if","locations":[{"start":{"line":66,"column":6},"end":{"line":81,"column":7}},{"start":{"line":74,"column":13},"end":{"line":81,"column":7}}],"line":66}},"s":{"0":2,"1":2,"2":0,"3":0,"4":0,"5":0,"6":0,"7":0,"8":0,"9":0,"10":0,"11":0,"12":0,"13":0,"14":0,"15":0,"16":0,"17":0,"18":0,"19":0,"20":0,"21":0,"22":0,"23":2},"f":{"0":0,"1":0,"2":0,"3":0,"4":0,"5":0},"b":{"0":[0,0],"1":[0,0],"2":[0,0],"3":[0,0]},"_coverageSchema":"1a1c01bbd47fc00a2c39e90264f33305004495a9","hash":"9f6429391554bf0f64a4898644b5f813ad4e6220"}
}
